<?xml version="1.0" encoding="UTF-8"?>
<!-- Generated by org.testng.reporters.JUnitReportReporter -->
<testsuite skipped="0" hostname="Ugainjain" name="Demo.Demo2" tests="1" failures="0" timestamp="30 Oct 2019 05:22:55 GMT" time="0.506" errors="0">
  <testcase name="testdemo2" time="0.506" classname="Demo.Demo2"/>
</testsuite> <!-- Demo.Demo2 -->
