<?xml version="1.0" encoding="UTF-8"?>
<!-- Generated by org.testng.reporters.JUnitReportReporter -->
<testsuite skipped="0" hostname="Ugainjain" name="Demo.TwitterClass" tests="1" failures="0" timestamp="17 Oct 2019 05:49:38 GMT" time="2.672" errors="0">
  <testcase name="test3" time="2.672" classname="Demo.TwitterClass"/>
</testsuite> <!-- Demo.TwitterClass -->
