<?xml version="1.0" encoding="UTF-8"?>
<!-- Generated by org.testng.reporters.JUnitReportReporter -->
<testsuite skipped="0" hostname="Ugainjain" name="Demo.RestDemo" tests="1" failures="0" timestamp="16 Oct 2019 08:38:54 GMT" time="2.507" errors="0">
  <testcase name="test2" time="2.507" classname="Demo.RestDemo"/>
</testsuite> <!-- Demo.RestDemo -->
