<?xml version="1.0" encoding="UTF-8"?>
<!-- Generated by org.testng.reporters.JUnitReportReporter -->
<testsuite skipped="0" hostname="Ugainjain" name="Demo.postDemo" tests="1" failures="0" timestamp="22 Oct 2019 12:20:04 GMT" time="1.484" errors="0">
  <testcase name="tst1" time="1.484" classname="Demo.postDemo"/>
</testsuite> <!-- Demo.postDemo -->
