<?xml version="1.0" encoding="UTF-8"?>
<!-- Generated by org.testng.reporters.JUnitReportReporter -->
<testsuite skipped="0" hostname="Ugainjain" name="Demo.wunderlist" tests="1" failures="0" timestamp="24 Oct 2019 09:52:12 GMT" time="3.345" errors="0">
  <testcase name="test1" time="3.345" classname="Demo.wunderlist"/>
</testsuite> <!-- Demo.wunderlist -->
