<?xml version="1.0" encoding="UTF-8"?>
<!-- Generated by org.testng.reporters.JUnitReportReporter -->
<testsuite skipped="0" hostname="Ugainjain" name="Api.Demo" tests="1" failures="0" timestamp="31 Oct 2019 07:50:21 GMT" time="11.477" errors="0">
  <testcase name="test" time="11.477" classname="Api.Demo"/>
</testsuite> <!-- Api.Demo -->
