<?xml version="1.0" encoding="UTF-8"?>
<!-- Generated by org.testng.reporters.JUnitReportReporter -->
<testsuite skipped="0" hostname="Ugainjain" name="Api.Demo" tests="11" failures="0" timestamp="01 Nov 2019 12:46:09 GMT" time="14.853" errors="0">
  <testcase name="test1" time="2.522" classname="Api.Demo"/>
  <testcase name="test2" time="1.942" classname="Api.Demo"/>
  <testcase name="test3" time="1.232" classname="Api.Demo"/>
  <testcase name="test4" time="1.190" classname="Api.Demo"/>
  <testcase name="test5" time="1.221" classname="Api.Demo"/>
  <testcase name="test6" time="1.137" classname="Api.Demo"/>
  <testcase name="test7" time="1.102" classname="Api.Demo"/>
  <testcase name="test9" time="1.148" classname="Api.Demo"/>
  <testcase name="test10" time="1.137" classname="Api.Demo"/>
  <testcase name="test11" time="1.135" classname="Api.Demo"/>
  <testcase name="test12" time="1.087" classname="Api.Demo"/>
</testsuite> <!-- Api.Demo -->
